Linux-reinstall

Included file : lang
Included file : lib/functions
Included file : lib/variables
Included file : src/installcat
Included file : src/lang
Included file : src/variables

Linux-reinstall

Included file : lang
Included file : lib/functions
Included file : lib/variables
Included file : src/installcat
Included file : src/lang
Included file : src/variables

Linux-reinstall

Included file : lang
Included file : lib/functions
Included file : lib/variables
Included file : src/installcat
Included file : src/lang
Included file : src/variables

Linux-reinstall

Included file : lang
Included file : lib/functions
Included file : lib/variables
Included file : src/installcat
Included file : src/lang
Included file : src/variables

Linux-reinstall

Included file : lang
Included file : lib/functions
Included file : lib/variables
Included file : src/installcat
Included file : src/lang
Included file : src/variables

Linux-reinstall

Included file : lang
Included file : lib/functions
Included file : lib/variables
Included file : src/installcat
Included file : src/lang
Included file : src/variables

